Removed Pin From Net: NetName=CurrentSense-ADC Pin=U1-5
Added Component: Designator=R1(RESC1608N(0603"))
Add component. Clean all parameters for all variants
Add component (AddParameter): Name = "Created By"; Value = "Andy Bates"; VariantName = "[No Variations]"
Add component (AddParameter): Name = "Date Created"; Value = "2017-05-10"; VariantName = "[No Variations]"
Add component (AddParameter): Name = "Publisher"; Value = "AUVic"; VariantName = "[No Variations]"
Add component (AddParameter): Name = "Supplier 1"; Value = "Digikey"; VariantName = "[No Variations]"
Add component (AddParameter): Name = "Supplier Part Number 1"; Value = "311-1.00KHRCT-ND"; VariantName = "[No Variations]"
Add component (AddParameter): Name = "Value"; Value = "1k"; VariantName = "[No Variations]"
Added Component: Designator=R2(RESC1608N(0603"))
Add component. Clean all parameters for all variants
Add component (AddParameter): Name = "Created By"; Value = "Andy Bates"; VariantName = "[No Variations]"
Add component (AddParameter): Name = "Date Created"; Value = "2017-05-10"; VariantName = "[No Variations]"
Add component (AddParameter): Name = "Publisher"; Value = "AUVic"; VariantName = "[No Variations]"
Add component (AddParameter): Name = "Supplier 1"; Value = "Digikey"; VariantName = "[No Variations]"
Add component (AddParameter): Name = "Supplier Part Number 1"; Value = "311-1.00KHRCT-ND"; VariantName = "[No Variations]"
Add component (AddParameter): Name = "Value"; Value = "1k"; VariantName = "[No Variations]"
Added Pin To Net: NetName=GND Pin=R1-1
Added Pin To Net: NetName=CurrentSense-ADC Pin=R2-1
Added Pin To Net: NetName=NetR1_2 Pin=R1-2
Added Pin To Net: NetName=NetR1_2 Pin=R2-2
Added Pin To Net: NetName=NetR1_2 Pin=U1-5
Added Net: Name=NetR1_2
Added Member To Class: ClassName=Master Member=Component R1 1k
Added Member To Class: ClassName=Master Member=Component R2 1k
Added Room: Name=Master
